<?xml version="1.0"?>
<!DOCTYPE presentation SYSTEM "jabberpoint.dtd">
<presentation>
	<showtitle>XML-Based Presentation for Jabberpoint</showtitle>
	<slide>
		<title>JabberPoint XML-Demo</title>
		<item kind="text"  level="1">Welkom bij Jabberpoint</item>
		<item kind="text"  level="2">Copyright (c) 1996-2000 Ian Darwin</item>
		<item kind="text"  level="2">Herschreven door</item>
		<item kind="text"  level="2">Gert Florijn, Mark van Elswijk, Marc Evers</item>
		<item kind="text"  level="2">en Sylvia Stuurman</item>
		<item kind="text"  level="1">Navigatie:</item>
		<item kind="text"  level="2">Volgende slide: PgDn or Enter</item>
		<item kind="text"  level="2">Vorige slide: PgUp or up-arrow</item>
		<item kind="text"  level="2">Stoppen: q or Q</item>
	</slide>
	<slide>
		<title>Een bijna lege slide</title>
		<item kind="text"  level="1"> </item>
	</slide>
	<slide>
		<title>Achtergrond</title>
		<item kind="text"  level="1">Jabberpoint is een oefening voor de</item>
		<item kind="text"  level="1">cursus Design patterns van de Open universiteit</item>
		<item kind="text"  level="1"> </item>
		<item kind="image"  level="2">logo-woordmerk_ou.gif</item>
		<item kind="text"  level="1"> </item>
		<item kind="text"  level="1">De oefening is ontwikeld door het SERC</item>
		<item kind="text"  level="1">in samenwerking met de Open universiteit </item>
		<item kind="text"  level="1"> </item>
		<item kind="image"  level="2">serclogo_fc.jpg</item>
	</slide>
	<slide>
		<title>JabberPoint: Levels en stijlen</title>
		<item kind="text"  level="1">Level 1</item>
		<item kind="text"  level="2">Level 2</item>
		<item kind="text"  level="1">A Jabberful Point</item>
		<item kind="text"  level="2">Level 2 heeft stijl 2</item>
		<item kind="text"  level="3">Zo ziet de stijl van level 3 er uit</item>
		<item kind="text"  level="4">En dit is level 4</item>
	</slide>
	<slide>
		<title>Laatste slide</title>
		<item kind="text"  level="1">Navigatie kan ook via het menu</item>
		<item kind="text"  level="2">Presentatie laden: File->Open</item>
		<item kind="text"  level="1"> </item>
		<item kind="text"  level="1">Dit is het einde van de presentatie.</item>
		<item kind="image"  level="1">JabberPoint.jpg</item>
		<item kind="text"  level="1">Tot ziens.</item>
	</slide>	
	<theme>
	   <defaultItems>
	      <item kind="image"  level="1" x="700" y="300">JabberPoint.jpg</item>
	      <item kind="text"  level="1">Het Arend en Wilko Theme</item>
	   </defaultItems>
	   <background>#000000</background>
	   <styles>
		 <style level="5" color="#185C0A" font-face="Times New Roman" font-size="15" leading="20"/>		 
		 <style level="0" color="#FF000A" font-face="Times New Roman" font-size="40" leading="10"/>		 
	     <style level="1" color="#AABBCC" font-face="Calibri" font-size="30" leading="10"/>
		 <style level="2" color="#3F2B3C" font-face="Helvetica" font-size="25" leading="10"/>
		 <style level="3" color="#482C00" font-face="Times New Roman" font-size="20" leading="10"/>
		 <style level="4" color="#185C0A" font-face="Times New Roman" font-size="15" leading="10"/>		 
		</styles>
		<theme appliesTo="1">
	   		<defaultItems>
	      		<item kind="image"  level="1" x="700" y="300">JabberPoint.jpg</item>
	      		<item kind="text"  level="1">Het Arend en Wilko Theme</item>
	   		</defaultItems>
	   		<background>#000000</background>
	   		<styles>
		 		<style level="5" color="#185C0A" font-face="Times New Roman" font-size="15" leading="20"/>		 
		 		<style level="0" color="#FF000A" font-face="Times New Roman" font-size="40" leading="10"/>		 
	     		<style level="1" color="#AABBCC" font-face="Calibri" font-size="30" leading="10"/>
		 		<style level="2" color="#3F2B3C" font-face="Helvetica" font-size="25" leading="10"/>
		 		<style level="3" color="#482C00" font-face="Times New Roman" font-size="20" leading="10"/>
		 		<style level="4" color="#185C0A" font-face="Times New Roman" font-size="15" leading="10"/>		 
				</styles>
		</theme>
	</theme>
	
</presentation>
